[16:38:02] [main/INFO]: Loading Minecraft 1.20.1 with Fabric Loader 0.16.3
[16:38:02] [main/INFO]: Loading 4 mods:
	- fabricloader 0.16.3
	   \-- mixinextras 0.4.1
	- java 17
	- minecraft 1.20.1
[16:38:02] [main/INFO]: SpongePowered MIXIN Subsystem Version=0.8.7 Source=file:/workspaces/COBLEMON/servidor_minecraft/libraries/net/fabricmc/sponge-mixin/0.15.2+mixin.0.8.7/sponge-mixin-0.15.2+mixin.0.8.7.jar Service=Knot/Fabric Env=SERVER
[16:38:08] [main/INFO]: Environment: authHost='https://authserver.mojang.com', accountsHost='https://api.mojang.com', sessionHost='https://sessionserver.mojang.com', servicesHost='https://api.minecraftservices.com', name='PROD'
[16:38:09] [main/INFO]: Loaded 7 recipes
[16:38:09] [main/INFO]: Loaded 1271 advancements
[16:38:10] [Server thread/INFO]: Starting minecraft server version 1.20.1
[16:38:10] [Server thread/INFO]: Loading properties
[16:38:10] [Server thread/INFO]: Default game type: SURVIVAL
[16:38:10] [Server thread/INFO]: Generating keypair
[16:38:10] [Server thread/INFO]: Starting Minecraft server on *:25565
[16:38:10] [Server thread/INFO]: Using epoll channel type
[16:38:10] [Server thread/WARN]: **** SERVER IS RUNNING IN OFFLINE/INSECURE MODE!
[16:38:10] [Server thread/WARN]: The server will make no attempt to authenticate usernames. Beware.
[16:38:10] [Server thread/WARN]: While this makes the game possible to play without internet access, it also opens up the ability for hackers to connect with any username they choose.
[16:38:10] [Server thread/WARN]: To change this, set "online-mode" to "true" in the server.properties file.
[16:38:10] [Server thread/INFO]: Preparing level "world"
[16:38:16] [Server thread/INFO]: Preparing start region for dimension minecraft:overworld
[16:38:17] [Worker-Main-2/INFO]: Preparing spawn area: 0%
[16:38:17] [Worker-Main-3/INFO]: Preparing spawn area: 0%
[16:38:17] [Worker-Main-3/INFO]: Preparing spawn area: 0%
[16:38:18] [Worker-Main-1/INFO]: Preparing spawn area: 0%
[16:38:18] [Worker-Main-3/INFO]: Preparing spawn area: 0%
[16:38:19] [Worker-Main-1/INFO]: Preparing spawn area: 0%
[16:38:19] [Worker-Main-3/INFO]: Preparing spawn area: 1%
[16:38:20] [Worker-Main-3/INFO]: Preparing spawn area: 2%
[16:38:20] [Worker-Main-1/INFO]: Preparing spawn area: 3%
[16:38:21] [Worker-Main-2/INFO]: Preparing spawn area: 4%
[16:38:21] [Worker-Main-3/INFO]: Preparing spawn area: 5%
[16:38:22] [Worker-Main-1/INFO]: Preparing spawn area: 7%
[16:38:22] [Worker-Main-3/INFO]: Preparing spawn area: 9%
[16:38:23] [Worker-Main-2/INFO]: Preparing spawn area: 9%
[16:38:23] [Worker-Main-1/INFO]: Preparing spawn area: 11%
[16:38:24] [Worker-Main-3/INFO]: Preparing spawn area: 13%
[16:38:24] [Worker-Main-2/INFO]: Preparing spawn area: 15%
[16:38:25] [Worker-Main-3/INFO]: Preparing spawn area: 17%
[16:38:25] [Worker-Main-1/INFO]: Preparing spawn area: 20%
[16:38:26] [Worker-Main-2/INFO]: Preparing spawn area: 22%
[16:38:26] [Worker-Main-3/INFO]: Preparing spawn area: 23%
[16:38:27] [Worker-Main-2/INFO]: Preparing spawn area: 25%
[16:38:27] [Worker-Main-3/INFO]: Preparing spawn area: 27%
[16:38:28] [Worker-Main-3/INFO]: Preparing spawn area: 31%
[16:38:28] [Worker-Main-1/INFO]: Preparing spawn area: 32%
[16:38:29] [Worker-Main-2/INFO]: Preparing spawn area: 35%
[16:38:29] [Worker-Main-2/INFO]: Preparing spawn area: 38%
[16:38:30] [Worker-Main-2/INFO]: Preparing spawn area: 41%
[16:38:30] [Worker-Main-1/INFO]: Preparing spawn area: 44%
[16:38:31] [Worker-Main-3/INFO]: Preparing spawn area: 47%
[16:38:31] [Worker-Main-1/INFO]: Preparing spawn area: 51%
[16:38:32] [Worker-Main-2/INFO]: Preparing spawn area: 53%
[16:38:32] [Worker-Main-3/INFO]: Preparing spawn area: 55%
[16:38:33] [Worker-Main-3/INFO]: Preparing spawn area: 58%
[16:38:33] [Worker-Main-1/INFO]: Preparing spawn area: 62%
[16:38:35] [Worker-Main-1/INFO]: Preparing spawn area: 65%
[16:38:35] [Worker-Main-1/INFO]: Preparing spawn area: 65%
[16:38:35] [Worker-Main-1/INFO]: Preparing spawn area: 68%
[16:38:35] [Worker-Main-3/INFO]: Preparing spawn area: 69%
[16:38:36] [Worker-Main-2/INFO]: Preparing spawn area: 73%
[16:38:36] [Worker-Main-3/INFO]: Preparing spawn area: 77%
[16:38:37] [Worker-Main-1/INFO]: Preparing spawn area: 80%
[16:38:37] [Worker-Main-2/INFO]: Preparing spawn area: 83%
[16:38:39] [Worker-Main-3/INFO]: Preparing spawn area: 85%
[16:38:39] [Worker-Main-1/INFO]: Preparing spawn area: 85%
[16:38:39] [Worker-Main-1/INFO]: Preparing spawn area: 85%
[16:38:39] [Worker-Main-2/INFO]: Preparing spawn area: 86%
[16:38:40] [Worker-Main-1/INFO]: Preparing spawn area: 90%
[16:38:40] [Worker-Main-3/INFO]: Preparing spawn area: 94%
[16:38:41] [Worker-Main-1/INFO]: Preparing spawn area: 97%
[16:38:41] [Server thread/INFO]: Time elapsed: 24731 ms
[16:38:41] [Server thread/INFO]: Done (30.950s)! For help, type "help"
[16:38:41] [Server thread/INFO]: Unknown or incomplete command, see below for error
[16:38:41] [Server thread/INFO]: home/codespace/.python/current/bin/python "/workspaces/COBLEMON/msx (1).py"<--[HERE]
[16:39:30] [Server thread/INFO]: Stopping the server
[16:39:30] [Server thread/INFO]: Stopping server
[16:39:30] [Server thread/INFO]: Saving players
[16:39:30] [Server thread/INFO]: Saving worlds
[16:39:31] [Server thread/INFO]: Saving chunks for level 'ServerLevel[world]'/minecraft:overworld
[16:39:33] [Server thread/INFO]: Saving chunks for level 'ServerLevel[world]'/minecraft:the_nether
[16:39:33] [Server thread/INFO]: Saving chunks for level 'ServerLevel[world]'/minecraft:the_end
[16:39:33] [Server thread/INFO]: ThreadedAnvilChunkStorage (world): All chunks are saved
[16:39:33] [Server thread/INFO]: ThreadedAnvilChunkStorage (DIM-1): All chunks are saved
[16:39:33] [Server thread/INFO]: ThreadedAnvilChunkStorage (DIM1): All chunks are saved
[16:39:33] [Server thread/INFO]: ThreadedAnvilChunkStorage: All dimensions are saved
